apps/android/build/intermediates/manifest_merge_blame_file/debug/processDebugMainManifest/manifest-merger-blame-debug-report.txt
1<?xml version="1.0" encoding="utf-8"?>
2<manifest xmlns:android="http://schemas.android.com/apk/res/android"
3    package="com.romankozak.forwardappmobile.debug"
4    android:versionCode="53"
5    android:versionName="10.0-alpha1-debug" >
6
7    <uses-sdk
8        android:minSdkVersion="29"
9        android:targetSdkVersion="36" />
10
11    <uses-permission android:name="android.permission.INTERNET" />
11-->src/main/AndroidManifest.xml:5:5-67
11-->src/main/AndroidManifest.xml:5:22-64
12    <uses-permission android:name="android.permission.ACCESS_NETWORK_STATE" />
12-->src/main/AndroidManifest.xml:6:5-79
12-->src/main/AndroidManifest.xml:6:22-76
13    <uses-permission android:name="android.permission.ACCESS_WIFI_STATE" />
13-->src/main/AndroidManifest.xml:7:5-76
13-->src/main/AndroidManifest.xml:7:22-73
14    <uses-permission android:name="android.permission.CHANGE_WIFI_MULTICAST_STATE" />
14-->src/main/AndroidManifest.xml:8:5-86
14-->src/main/AndroidManifest.xml:8:22-83
15    <uses-permission android:name="android.permission.FOREGROUND_SERVICE" />
15-->src/main/AndroidManifest.xml:10:5-77
15-->src/main/AndroidManifest.xml:10:22-74
16    <uses-permission android:name="android.permission.FOREGROUND_SERVICE_DATA_SYNC" />
16-->src/main/AndroidManifest.xml:11:5-87
16-->src/main/AndroidManifest.xml:11:22-84
17    <uses-permission android:name="android.permission.POST_NOTIFICATIONS" />
17-->src/main/AndroidManifest.xml:12:5-77
17-->src/main/AndroidManifest.xml:12:22-74
18    <uses-permission android:name="android.permission.SCHEDULE_EXACT_ALARM" />
18-->src/main/AndroidManifest.xml:13:5-79
18-->src/main/AndroidManifest.xml:13:22-76
19    <uses-permission android:name="android.permission.USE_BIOMETRIC" />
19-->src/main/AndroidManifest.xml:15:5-72
19-->src/main/AndroidManifest.xml:15:22-69
20    <uses-permission android:name="android.permission.USE_FINGERPRINT" />
20-->src/main/AndroidManifest.xml:16:5-74
20-->src/main/AndroidManifest.xml:16:22-71
21    <uses-permission android:name="android.permission.VIBRATE" />
21-->src/main/AndroidManifest.xml:18:5-66
21-->src/main/AndroidManifest.xml:18:22-63
22    <uses-permission android:name="android.permission.WAKE_LOCK" />
22-->src/main/AndroidManifest.xml:19:5-68
22-->src/main/AndroidManifest.xml:19:22-65
23    <uses-permission android:name="android.permission.SYSTEM_ALERT_WINDOW" />
23-->src/main/AndroidManifest.xml:21:5-78
23-->src/main/AndroidManifest.xml:21:22-75
24    <uses-permission android:name="android.permission.USE_FULL_SCREEN_INTENT" />
24-->src/main/AndroidManifest.xml:22:5-81
24-->src/main/AndroidManifest.xml:22:22-78
25    <uses-permission android:name="android.permission.DISABLE_KEYGUARD" />
25-->src/main/AndroidManifest.xml:24:5-75
25-->src/main/AndroidManifest.xml:24:22-72
26    <uses-permission android:name="com.google.android.gms.permission.AD_ID" />
26-->[com.google.android.gms:play-services-measurement-api:22.1.0] AndroidManifest.xml:25:5-79
26-->[com.google.android.gms:play-services-measurement-api:22.1.0] AndroidManifest.xml:25:22-76
27    <uses-permission android:name="android.permission.ACCESS_ADSERVICES_ATTRIBUTION" />
27-->[com.google.android.gms:play-services-measurement-api:22.1.0] AndroidManifest.xml:26:5-88
27-->[com.google.android.gms:play-services-measurement-api:22.1.0] AndroidManifest.xml:26:22-85
28    <uses-permission android:name="android.permission.ACCESS_ADSERVICES_AD_ID" />
28-->[com.google.android.gms:play-services-measurement-api:22.1.0] AndroidManifest.xml:27:5-82
28-->[com.google.android.gms:play-services-measurement-api:22.1.0] AndroidManifest.xml:27:22-79
29    <uses-permission android:name="com.google.android.finsky.permission.BIND_GET_INSTALL_REFERRER_SERVICE" />
29-->[com.google.android.gms:play-services-measurement:22.1.0] AndroidManifest.xml:26:5-110
29-->[com.google.android.gms:play-services-measurement:22.1.0] AndroidManifest.xml:26:22-107
30
31    <permission
31-->[androidx.core:core:1.13.1] AndroidManifest.xml:22:5-24:47
32        android:name="com.romankozak.forwardappmobile.debug.DYNAMIC_RECEIVER_NOT_EXPORTED_PERMISSION"
32-->[androidx.core:core:1.13.1] AndroidManifest.xml:23:9-81
33        android:protectionLevel="signature" />
33-->[androidx.core:core:1.13.1] AndroidManifest.xml:24:9-44
34
35    <uses-permission android:name="com.romankozak.forwardappmobile.debug.DYNAMIC_RECEIVER_NOT_EXPORTED_PERMISSION" />
35-->[androidx.core:core:1.13.1] AndroidManifest.xml:26:5-97
35-->[androidx.core:core:1.13.1] AndroidManifest.xml:26:22-94
36
37    <application
37-->src/main/AndroidManifest.xml:27:5-83:19
38        android:name="com.romankozak.forwardappmobile.ForwardAppMobileApplication"
38-->src/main/AndroidManifest.xml:29:9-52
39        android:allowBackup="true"
39-->src/main/AndroidManifest.xml:28:9-35
40        android:appComponentFactory="androidx.core.app.CoreComponentFactory"
40-->[androidx.core:core:1.13.1] AndroidManifest.xml:28:18-86
41        android:dataExtractionRules="@xml/data_extraction_rules"
41-->src/main/AndroidManifest.xml:30:9-65
42        android:debuggable="true"
43        android:extractNativeLibs="false"
44        android:fullBackupContent="@xml/backup_rules"
44-->src/main/AndroidManifest.xml:31:9-54
45        android:icon="@mipmap/ic_launcher"
45-->src/main/AndroidManifest.xml:32:9-43
46        android:label="@string/app_name"
46-->src/main/AndroidManifest.xml:33:9-41
47        android:roundIcon="@mipmap/ic_launcher_round"
47-->src/main/AndroidManifest.xml:34:9-54
48        android:supportsRtl="true"
48-->src/main/AndroidManifest.xml:35:9-35
49        android:theme="@style/Theme.Cyberpunk.Day"
49-->src/main/AndroidManifest.xml:36:1-43
50        android:usesCleartextTraffic="true" >
50-->src/main/AndroidManifest.xml:38:9-44
51        <activity
51-->src/main/AndroidManifest.xml:41:9-51:20
52            android:name="com.romankozak.forwardappmobile.MainActivity"
52-->src/main/AndroidManifest.xml:42:13-41
53            android:exported="true"
53-->src/main/AndroidManifest.xml:43:13-36
54            android:label="@string/app_name"
54-->src/main/AndroidManifest.xml:44:13-45
55            android:theme="@style/Theme.Cyberpunk.Day"
55-->src/main/AndroidManifest.xml:45:1-43
56            android:windowSoftInputMode="adjustResize" >
56-->src/main/AndroidManifest.xml:46:13-55
57            <intent-filter>
57-->src/main/AndroidManifest.xml:47:13-50:29
58                <action android:name="android.intent.action.MAIN" />
58-->src/main/AndroidManifest.xml:48:17-69
58-->src/main/AndroidManifest.xml:48:25-66
59
60                <category android:name="android.intent.category.LAUNCHER" />
60-->src/main/AndroidManifest.xml:49:17-77
60-->src/main/AndroidManifest.xml:49:27-74
61            </intent-filter>
62        </activity>
63        <activity
63-->src/main/AndroidManifest.xml:53:9-63:20
64            android:name="com.romankozak.forwardappmobile.ShareReceiverActivity"
64-->src/main/AndroidManifest.xml:54:13-50
65            android:exported="true"
65-->src/main/AndroidManifest.xml:55:13-36
66            android:label="ForwardApp WiFi"
66-->src/main/AndroidManifest.xml:56:13-44
67            android:theme="@style/Theme.ForwardAppMobile.Translucent" >
67-->src/main/AndroidManifest.xml:57:13-70
68            <intent-filter>
68-->src/main/AndroidManifest.xml:58:13-62:29
69                <action android:name="android.intent.action.SEND" />
69-->src/main/AndroidManifest.xml:59:17-69
69-->src/main/AndroidManifest.xml:59:25-66
70
71                <category android:name="android.intent.category.DEFAULT" />
71-->src/main/AndroidManifest.xml:60:17-76
71-->src/main/AndroidManifest.xml:60:27-73
72
73                <data android:mimeType="text/plain" />
73-->src/main/AndroidManifest.xml:61:17-55
73-->src/main/AndroidManifest.xml:61:23-52
74            </intent-filter>
75        </activity>
76
77        <receiver
77-->src/main/AndroidManifest.xml:65:9-67:37
78            android:name="com.romankozak.forwardappmobile.domain.reminders.ReminderBroadcastReceiver"
78-->src/main/AndroidManifest.xml:66:13-71
79            android:enabled="true" />
79-->src/main/AndroidManifest.xml:67:13-35
80
81        <service
81-->src/main/AndroidManifest.xml:69:9-71:56
82            android:name="com.romankozak.forwardappmobile.domain.aichat.GenerationService"
82-->src/main/AndroidManifest.xml:70:13-60
83            android:foregroundServiceType="dataSync" />
83-->src/main/AndroidManifest.xml:71:13-53
84
85        <activity
85-->src/main/AndroidManifest.xml:73:9-80:78
86            android:name="com.romankozak.forwardappmobile.domain.reminders.ReminderLockScreenActivity"
86-->src/main/AndroidManifest.xml:74:13-72
87            android:excludeFromRecents="true"
87-->src/main/AndroidManifest.xml:79:13-46
88            android:exported="false"
88-->src/main/AndroidManifest.xml:75:13-37
89            android:launchMode="singleInstance"
89-->src/main/AndroidManifest.xml:78:13-48
90            android:showWhenLocked="true"
90-->src/main/AndroidManifest.xml:76:13-42
91            android:theme="@android:style/Theme.DeviceDefault.NoActionBar"
91-->src/main/AndroidManifest.xml:80:13-75
92            android:turnScreenOn="true" />
92-->src/main/AndroidManifest.xml:77:13-40
93
94        <service
94-->[com.google.firebase:firebase-crashlytics-ktx:19.1.0] AndroidManifest.xml:21:9-27:19
95            android:name="com.google.firebase.components.ComponentDiscoveryService"
95-->[com.google.firebase:firebase-crashlytics-ktx:19.1.0] AndroidManifest.xml:22:13-84
96            android:directBootAware="true"
96-->[com.google.firebase:firebase-common:21.0.0] AndroidManifest.xml:32:13-43
97            android:exported="false" >
97-->[com.google.firebase:firebase-crashlytics-ktx:19.1.0] AndroidManifest.xml:23:13-37
98            <meta-data
98-->[com.google.firebase:firebase-crashlytics-ktx:19.1.0] AndroidManifest.xml:24:13-26:85
99                android:name="com.google.firebase.components:com.google.firebase.crashlytics.ktx.FirebaseCrashlyticsKtxRegistrar"
99-->[com.google.firebase:firebase-crashlytics-ktx:19.1.0] AndroidManifest.xml:25:17-130
100                android:value="com.google.firebase.components.ComponentRegistrar" />
100-->[com.google.firebase:firebase-crashlytics-ktx:19.1.0] AndroidManifest.xml:26:17-82
101            <meta-data
101-->[com.google.firebase:firebase-crashlytics:19.1.0] AndroidManifest.xml:15:13-17:85
102                android:name="com.google.firebase.components:com.google.firebase.crashlytics.FirebaseCrashlyticsKtxRegistrar"
102-->[com.google.firebase:firebase-crashlytics:19.1.0] AndroidManifest.xml:16:17-126
103                android:value="com.google.firebase.components.ComponentRegistrar" />
103-->[com.google.firebase:firebase-crashlytics:19.1.0] AndroidManifest.xml:17:17-82
104            <meta-data
104-->[com.google.firebase:firebase-crashlytics:19.1.0] AndroidManifest.xml:18:13-20:85
105                android:name="com.google.firebase.components:com.google.firebase.crashlytics.CrashlyticsRegistrar"
105-->[com.google.firebase:firebase-crashlytics:19.1.0] AndroidManifest.xml:19:17-115
106                android:value="com.google.firebase.components.ComponentRegistrar" />
106-->[com.google.firebase:firebase-crashlytics:19.1.0] AndroidManifest.xml:20:17-82
107            <meta-data
107-->[com.google.firebase:firebase-sessions:2.0.4] AndroidManifest.xml:29:13-31:85
108                android:name="com.google.firebase.components:com.google.firebase.sessions.FirebaseSessionsRegistrar"
108-->[com.google.firebase:firebase-sessions:2.0.4] AndroidManifest.xml:30:17-117
109                android:value="com.google.firebase.components.ComponentRegistrar" />
109-->[com.google.firebase:firebase-sessions:2.0.4] AndroidManifest.xml:31:17-82
110            <meta-data
110-->[com.google.firebase:firebase-config-ktx:22.0.0] AndroidManifest.xml:12:13-14:85
111                android:name="com.google.firebase.components:com.google.firebase.remoteconfig.ktx.FirebaseConfigLegacyRegistrar"
111-->[com.google.firebase:firebase-config-ktx:22.0.0] AndroidManifest.xml:13:17-129
112                android:value="com.google.firebase.components.ComponentRegistrar" />
112-->[com.google.firebase:firebase-config-ktx:22.0.0] AndroidManifest.xml:14:17-82
113            <meta-data
113-->[com.google.firebase:firebase-config:22.0.0] AndroidManifest.xml:29:13-31:85
114                android:name="com.google.firebase.components:com.google.firebase.remoteconfig.FirebaseRemoteConfigKtxRegistrar"
114-->[com.google.firebase:firebase-config:22.0.0] AndroidManifest.xml:30:17-128
115                android:value="com.google.firebase.components.ComponentRegistrar" />
115-->[com.google.firebase:firebase-config:22.0.0] AndroidManifest.xml:31:17-82
116            <meta-data
116-->[com.google.firebase:firebase-config:22.0.0] AndroidManifest.xml:32:13-34:85
117                android:name="com.google.firebase.components:com.google.firebase.remoteconfig.RemoteConfigRegistrar"
117-->[com.google.firebase:firebase-config:22.0.0] AndroidManifest.xml:33:17-117
118                android:value="com.google.firebase.components.ComponentRegistrar" />
118-->[com.google.firebase:firebase-config:22.0.0] AndroidManifest.xml:34:17-82
119            <meta-data
119-->[com.google.firebase:firebase-abt:21.1.1] AndroidManifest.xml:12:13-14:85
120                android:name="com.google.firebase.components:com.google.firebase.abt.component.AbtRegistrar"
120-->[com.google.firebase:firebase-abt:21.1.1] AndroidManifest.xml:13:17-109
121                android:value="com.google.firebase.components.ComponentRegistrar" />
121-->[com.google.firebase:firebase-abt:21.1.1] AndroidManifest.xml:14:17-82
122            <meta-data
122-->[com.google.firebase:firebase-installations-ktx:18.0.0] AndroidManifest.xml:11:13-13:85
123                android:name="com.google.firebase.components:com.google.firebase.installations.ktx.FirebaseInstallationsLegacyRegistrar"
123-->[com.google.firebase:firebase-installations-ktx:18.0.0] AndroidManifest.xml:12:17-137
124                android:value="com.google.firebase.components.ComponentRegistrar" />
124-->[com.google.firebase:firebase-installations-ktx:18.0.0] AndroidManifest.xml:13:17-82
125            <meta-data
125-->[com.google.firebase:firebase-analytics-ktx:22.1.0] AndroidManifest.xml:11:13-13:85
126                android:name="com.google.firebase.components:com.google.firebase.analytics.ktx.FirebaseAnalyticsLegacyRegistrar"
126-->[com.google.firebase:firebase-analytics-ktx:22.1.0] AndroidManifest.xml:12:17-129
127                android:value="com.google.firebase.components.ComponentRegistrar" />
127-->[com.google.firebase:firebase-analytics-ktx:22.1.0] AndroidManifest.xml:13:17-82
128            <meta-data
128-->[com.google.android.gms:play-services-measurement-api:22.1.0] AndroidManifest.xml:37:13-39:85
129                android:name="com.google.firebase.components:com.google.firebase.analytics.connector.internal.AnalyticsConnectorRegistrar"
129-->[com.google.android.gms:play-services-measurement-api:22.1.0] AndroidManifest.xml:38:17-139
130                android:value="com.google.firebase.components.ComponentRegistrar" />
130-->[com.google.android.gms:play-services-measurement-api:22.1.0] AndroidManifest.xml:39:17-82
131            <meta-data
131-->[com.google.firebase:firebase-installations:18.0.0] AndroidManifest.xml:15:13-17:85
132                android:name="com.google.firebase.components:com.google.firebase.installations.FirebaseInstallationsKtxRegistrar"
132-->[com.google.firebase:firebase-installations:18.0.0] AndroidManifest.xml:16:17-130
133                android:value="com.google.firebase.components.ComponentRegistrar" />
133-->[com.google.firebase:firebase-installations:18.0.0] AndroidManifest.xml:17:17-82
134            <meta-data
134-->[com.google.firebase:firebase-installations:18.0.0] AndroidManifest.xml:18:13-20:85
135                android:name="com.google.firebase.components:com.google.firebase.installations.FirebaseInstallationsRegistrar"
135-->[com.google.firebase:firebase-installations:18.0.0] AndroidManifest.xml:19:17-127
136                android:value="com.google.firebase.components.ComponentRegistrar" />
136-->[com.google.firebase:firebase-installations:18.0.0] AndroidManifest.xml:20:17-82
137            <meta-data
137-->[com.google.firebase:firebase-common-ktx:21.0.0] AndroidManifest.xml:12:13-14:85
138                android:name="com.google.firebase.components:com.google.firebase.ktx.FirebaseCommonLegacyRegistrar"
138-->[com.google.firebase:firebase-common-ktx:21.0.0] AndroidManifest.xml:13:17-116
139                android:value="com.google.firebase.components.ComponentRegistrar" />
139-->[com.google.firebase:firebase-common-ktx:21.0.0] AndroidManifest.xml:14:17-82
140            <meta-data
140-->[com.google.firebase:firebase-common:21.0.0] AndroidManifest.xml:35:13-37:85
141                android:name="com.google.firebase.components:com.google.firebase.FirebaseCommonKtxRegistrar"
141-->[com.google.firebase:firebase-common:21.0.0] AndroidManifest.xml:36:17-109
142                android:value="com.google.firebase.components.ComponentRegistrar" />
142-->[com.google.firebase:firebase-common:21.0.0] AndroidManifest.xml:37:17-82
143            <meta-data
143-->[com.google.firebase:firebase-datatransport:19.0.0] AndroidManifest.xml:25:13-27:85
144                android:name="com.google.firebase.components:com.google.firebase.datatransport.TransportRegistrar"
144-->[com.google.firebase:firebase-datatransport:19.0.0] AndroidManifest.xml:26:17-115
145                android:value="com.google.firebase.components.ComponentRegistrar" />
145-->[com.google.firebase:firebase-datatransport:19.0.0] AndroidManifest.xml:27:17-82
146        </service>
147        <service
147-->[com.google.firebase:firebase-sessions:2.0.4] AndroidManifest.xml:22:9-25:40
148            android:name="com.google.firebase.sessions.SessionLifecycleService"
148-->[com.google.firebase:firebase-sessions:2.0.4] AndroidManifest.xml:23:13-80
149            android:enabled="true"
149-->[com.google.firebase:firebase-sessions:2.0.4] AndroidManifest.xml:24:13-35
150            android:exported="false" />
150-->[com.google.firebase:firebase-sessions:2.0.4] AndroidManifest.xml:25:13-37
151        <service
151-->[com.google.mlkit:translate:17.0.2] AndroidManifest.xml:11:9-17:19
152            android:name="com.google.mlkit.common.internal.MlKitComponentDiscoveryService"
152-->[com.google.mlkit:translate:17.0.2] AndroidManifest.xml:12:13-91
153            android:directBootAware="true"
153-->[com.google.mlkit:common:18.10.0] AndroidManifest.xml:17:13-43
154            android:exported="false" >
154-->[com.google.mlkit:translate:17.0.2] AndroidManifest.xml:13:13-37
155            <meta-data
155-->[com.google.mlkit:translate:17.0.2] AndroidManifest.xml:14:13-16:85
156                android:name="com.google.firebase.components:com.google.mlkit.nl.translate.NaturalLanguageTranslateRegistrar"
156-->[com.google.mlkit:translate:17.0.2] AndroidManifest.xml:15:17-126
157                android:value="com.google.firebase.components.ComponentRegistrar" />
157-->[com.google.mlkit:translate:17.0.2] AndroidManifest.xml:16:17-82
158            <meta-data
158-->[com.google.mlkit:common:18.10.0] AndroidManifest.xml:20:13-22:85
159                android:name="com.google.firebase.components:com.google.mlkit.common.internal.CommonComponentRegistrar"
159-->[com.google.mlkit:common:18.10.0] AndroidManifest.xml:21:17-120
160                android:value="com.google.firebase.components.ComponentRegistrar" />
160-->[com.google.mlkit:common:18.10.0] AndroidManifest.xml:22:17-82
161        </service>
162        <service
162-->[androidx.credentials:credentials-play-services-auth:1.2.2] AndroidManifest.xml:24:9-32:19
163            android:name="androidx.credentials.playservices.CredentialProviderMetadataHolder"
163-->[androidx.credentials:credentials-play-services-auth:1.2.2] AndroidManifest.xml:25:13-94
164            android:enabled="true"
164-->[androidx.credentials:credentials-play-services-auth:1.2.2] AndroidManifest.xml:26:13-35
165            android:exported="false" >
165-->[androidx.credentials:credentials-play-services-auth:1.2.2] AndroidManifest.xml:27:13-37
166            <meta-data
166-->[androidx.credentials:credentials-play-services-auth:1.2.2] AndroidManifest.xml:29:13-31:104
167                android:name="androidx.credentials.CREDENTIAL_PROVIDER_KEY"
167-->[androidx.credentials:credentials-play-services-auth:1.2.2] AndroidManifest.xml:30:17-76
168                android:value="androidx.credentials.playservices.CredentialProviderPlayServicesImpl" />
168-->[androidx.credentials:credentials-play-services-auth:1.2.2] AndroidManifest.xml:31:17-101
169        </service>
170
171        <activity
171-->[androidx.credentials:credentials-play-services-auth:1.2.2] AndroidManifest.xml:34:9-41:20
172            android:name="androidx.credentials.playservices.HiddenActivity"
172-->[androidx.credentials:credentials-play-services-auth:1.2.2] AndroidManifest.xml:35:13-76
173            android:configChanges="orientation|screenSize|screenLayout|keyboardHidden"
173-->[androidx.credentials:credentials-play-services-auth:1.2.2] AndroidManifest.xml:36:13-87
174            android:enabled="true"
174-->[androidx.credentials:credentials-play-services-auth:1.2.2] AndroidManifest.xml:37:13-35
175            android:exported="false"
175-->[androidx.credentials:credentials-play-services-auth:1.2.2] AndroidManifest.xml:38:13-37
176            android:fitsSystemWindows="true"
176-->[androidx.credentials:credentials-play-services-auth:1.2.2] AndroidManifest.xml:39:13-45
177            android:theme="@style/Theme.Hidden" >
177-->[androidx.credentials:credentials-play-services-auth:1.2.2] AndroidManifest.xml:40:13-48
178        </activity>
179        <activity
179-->[com.google.android.gms:play-services-auth:21.1.0] AndroidManifest.xml:23:9-27:75
180            android:name="com.google.android.gms.auth.api.signin.internal.SignInHubActivity"
180-->[com.google.android.gms:play-services-auth:21.1.0] AndroidManifest.xml:24:13-93
181            android:excludeFromRecents="true"
181-->[com.google.android.gms:play-services-auth:21.1.0] AndroidManifest.xml:25:13-46
182            android:exported="false"
182-->[com.google.android.gms:play-services-auth:21.1.0] AndroidManifest.xml:26:13-37
183            android:theme="@android:style/Theme.Translucent.NoTitleBar" />
183-->[com.google.android.gms:play-services-auth:21.1.0] AndroidManifest.xml:27:13-72
184        <!--
185            Service handling Google Sign-In user revocation. For apps that do not integrate with
186            Google Sign-In, this service will never be started.
187        -->
188        <service
188-->[com.google.android.gms:play-services-auth:21.1.0] AndroidManifest.xml:33:9-37:51
189            android:name="com.google.android.gms.auth.api.signin.RevocationBoundService"
189-->[com.google.android.gms:play-services-auth:21.1.0] AndroidManifest.xml:34:13-89
190            android:exported="true"
190-->[com.google.android.gms:play-services-auth:21.1.0] AndroidManifest.xml:35:13-36
191            android:permission="com.google.android.gms.auth.api.signin.permission.REVOCATION_NOTIFICATION"
191-->[com.google.android.gms:play-services-auth:21.1.0] AndroidManifest.xml:36:13-107
192            android:visibleToInstantApps="true" />
192-->[com.google.android.gms:play-services-auth:21.1.0] AndroidManifest.xml:37:13-48
193
194        <provider
194-->[com.google.mlkit:common:18.10.0] AndroidManifest.xml:9:9-13:38
195            android:name="com.google.mlkit.common.internal.MlKitInitProvider"
195-->[com.google.mlkit:common:18.10.0] AndroidManifest.xml:10:13-78
196            android:authorities="com.romankozak.forwardappmobile.debug.mlkitinitprovider"
196-->[com.google.mlkit:common:18.10.0] AndroidManifest.xml:11:13-69
197            android:exported="false"
197-->[com.google.mlkit:common:18.10.0] AndroidManifest.xml:12:13-37
198            android:initOrder="99" />
198-->[com.google.mlkit:common:18.10.0] AndroidManifest.xml:13:13-35
199
200        <activity
200-->[com.google.android.gms:play-services-base:18.3.0] AndroidManifest.xml:20:9-22:45
201            android:name="com.google.android.gms.common.api.GoogleApiActivity"
201-->[com.google.android.gms:play-services-base:18.3.0] AndroidManifest.xml:20:19-85
202            android:exported="false"
202-->[com.google.android.gms:play-services-base:18.3.0] AndroidManifest.xml:22:19-43
203            android:theme="@android:style/Theme.Translucent.NoTitleBar" />
203-->[com.google.android.gms:play-services-base:18.3.0] AndroidManifest.xml:21:19-78
204
205        <property
205-->[com.google.android.gms:play-services-measurement-api:22.1.0] AndroidManifest.xml:30:9-32:61
206            android:name="android.adservices.AD_SERVICES_CONFIG"
206-->[com.google.android.gms:play-services-measurement-api:22.1.0] AndroidManifest.xml:31:13-65
207            android:resource="@xml/ga_ad_services_config" />
207-->[com.google.android.gms:play-services-measurement-api:22.1.0] AndroidManifest.xml:32:13-58
208
209        <provider
209-->[com.google.firebase:firebase-common:21.0.0] AndroidManifest.xml:23:9-28:39
210            android:name="com.google.firebase.provider.FirebaseInitProvider"
210-->[com.google.firebase:firebase-common:21.0.0] AndroidManifest.xml:24:13-77
211            android:authorities="com.romankozak.forwardappmobile.debug.firebaseinitprovider"
211-->[com.google.firebase:firebase-common:21.0.0] AndroidManifest.xml:25:13-72
212            android:directBootAware="true"
212-->[com.google.firebase:firebase-common:21.0.0] AndroidManifest.xml:26:13-43
213            android:exported="false"
213-->[com.google.firebase:firebase-common:21.0.0] AndroidManifest.xml:27:13-37
214            android:initOrder="100" />
214-->[com.google.firebase:firebase-common:21.0.0] AndroidManifest.xml:28:13-36
215
216        <receiver
216-->[com.google.android.gms:play-services-measurement:22.1.0] AndroidManifest.xml:29:9-33:20
217            android:name="com.google.android.gms.measurement.AppMeasurementReceiver"
217-->[com.google.android.gms:play-services-measurement:22.1.0] AndroidManifest.xml:30:13-85
218            android:enabled="true"
218-->[com.google.android.gms:play-services-measurement:22.1.0] AndroidManifest.xml:31:13-35
219            android:exported="false" >
219-->[com.google.android.gms:play-services-measurement:22.1.0] AndroidManifest.xml:32:13-37
220        </receiver>
221
222        <service
222-->[com.google.android.gms:play-services-measurement:22.1.0] AndroidManifest.xml:35:9-38:40
223            android:name="com.google.android.gms.measurement.AppMeasurementService"
223-->[com.google.android.gms:play-services-measurement:22.1.0] AndroidManifest.xml:36:13-84
224            android:enabled="true"
224-->[com.google.android.gms:play-services-measurement:22.1.0] AndroidManifest.xml:37:13-35
225            android:exported="false" />
225-->[com.google.android.gms:play-services-measurement:22.1.0] AndroidManifest.xml:38:13-37
226        <service
226-->[com.google.android.gms:play-services-measurement:22.1.0] AndroidManifest.xml:39:9-43:72
227            android:name="com.google.android.gms.measurement.AppMeasurementJobService"
227-->[com.google.android.gms:play-services-measurement:22.1.0] AndroidManifest.xml:40:13-87
228            android:enabled="true"
228-->[com.google.android.gms:play-services-measurement:22.1.0] AndroidManifest.xml:41:13-35
229            android:exported="false"
229-->[com.google.android.gms:play-services-measurement:22.1.0] AndroidManifest.xml:42:13-37
230            android:permission="android.permission.BIND_JOB_SERVICE" />
230-->[com.google.android.gms:play-services-measurement:22.1.0] AndroidManifest.xml:43:13-69
231        <service
231-->[androidx.room:room-runtime-android:2.8.1] AndroidManifest.xml:24:9-28:63
232            android:name="androidx.room.MultiInstanceInvalidationService"
232-->[androidx.room:room-runtime-android:2.8.1] AndroidManifest.xml:25:13-74
233            android:directBootAware="true"
233-->[androidx.room:room-runtime-android:2.8.1] AndroidManifest.xml:26:13-43
234            android:exported="false" />
234-->[androidx.room:room-runtime-android:2.8.1] AndroidManifest.xml:27:13-37
235
236        <uses-library
236-->[androidx.window:window:1.0.0] AndroidManifest.xml:25:9-27:40
237            android:name="androidx.window.extensions"
237-->[androidx.window:window:1.0.0] AndroidManifest.xml:26:13-54
238            android:required="false" />
238-->[androidx.window:window:1.0.0] AndroidManifest.xml:27:13-37
239        <uses-library
239-->[androidx.window:window:1.0.0] AndroidManifest.xml:28:9-30:40
240            android:name="androidx.window.sidecar"
240-->[androidx.window:window:1.0.0] AndroidManifest.xml:29:13-51
241            android:required="false" />
241-->[androidx.window:window:1.0.0] AndroidManifest.xml:30:13-37
242
243        <activity
243-->[androidx.compose.ui:ui-tooling-android:1.8.0] AndroidManifest.xml:23:9-25:39
244            android:name="androidx.compose.ui.tooling.PreviewActivity"
244-->[androidx.compose.ui:ui-tooling-android:1.8.0] AndroidManifest.xml:24:13-71
245            android:exported="true" />
245-->[androidx.compose.ui:ui-tooling-android:1.8.0] AndroidManifest.xml:25:13-36
246
247        <provider
247-->[androidx.emoji2:emoji2:1.4.0] AndroidManifest.xml:24:9-32:20
248            android:name="androidx.startup.InitializationProvider"
248-->[androidx.emoji2:emoji2:1.4.0] AndroidManifest.xml:25:13-67
249            android:authorities="com.romankozak.forwardappmobile.debug.androidx-startup"
249-->[androidx.emoji2:emoji2:1.4.0] AndroidManifest.xml:26:13-68
250            android:exported="false" >
250-->[androidx.emoji2:emoji2:1.4.0] AndroidManifest.xml:27:13-37
251            <meta-data
251-->[androidx.emoji2:emoji2:1.4.0] AndroidManifest.xml:29:13-31:52